2017-04-26 11:34:51.581496 Erreur sur la prise 'autre', à l'adresse : 'http://domogrid_v3.local/b'
2017-04-26 11:35:00.304560 Erreur sur la prise 'autre', à l'adresse : 'http://domogrid_v3.local/b'
2017-04-26 11:35:24.048390 Erreur sur la prise 'autre', à l'adresse : 'http://domogrid_v3.local/1'
2017-04-26 11:35:32.796808 Erreur sur la prise 'autre', à l'adresse : 'http://domogrid_v3.local/0'
2017-04-26 11:35:41.519784 Erreur sur la prise 'autre', à l'adresse : 'http://domogrid_v3.local/b'
2017-04-26 14:25:36.199263 Erreur sur la prise 'autre', à l'adresse : 'http://domogrid_v3.local/b'
2017-04-26 14:25:53.964813 Erreur sur la prise 'autre', à l'adresse : 'http://domogrid_v3.local/b'
2017-04-26 14:26:26.766739 Erreur sur la prise 'autre', à l'adresse : 'http://domogrid_v3.local/1'
2017-04-26 14:26:44.540214 Erreur sur la prise 'autre', à l'adresse : 'http://domogrid_v3.local/0'
2017-04-26 14:27:02.307860 Erreur sur la prise 'autre', à l'adresse : 'http://domogrid_v3.local/b'
2017-04-26 14:27:20.077592 Erreur sur la prise 'autre', à l'adresse : 'http://domogrid_v3.local/b'
2017-04-26 14:27:52.896818 Erreur sur la prise 'autre', à l'adresse : 'http://domogrid_v3.local/1'
2017-04-26 14:28:10.710947 Erreur sur la prise 'autre', à l'adresse : 'http://domogrid_v3.local/0'
2017-04-26 14:28:28.478207 Erreur sur la prise 'autre', à l'adresse : 'http://domogrid_v3.local/b'
2017-04-27 08:49:02.796517 Erreur sur la prise 'lave-linge', à l'adresse : 'http://domogrid_v2.local/1'
2017-04-27 08:49:09.064054 Erreur sur la prise 'autre', à l'adresse : 'http://domogrid_v3.local/1'
2017-04-27 08:49:15.325979 Erreur sur la prise 'lave-linge', à l'adresse : 'http://domogrid_v2.local/0'
2017-04-27 10:36:27.611088 Erreur sur la prise 'lave-linge', à l'adresse : 'http://domogrid_v2.local/1'
2017-04-27 10:36:33.842906 Erreur sur la prise 'autre', à l'adresse : 'http://domogrid_v3.local/1'
2017-04-27 10:36:40.148819 Erreur sur la prise 'lave-linge', à l'adresse : 'http://domogrid_v2.local/0'
2017-04-27 10:36:46.366229 Erreur sur la prise 'autre', à l'adresse : 'http://domogrid_v3.local/0'
2017-04-27 10:36:52.675311 Erreur sur la prise 'lave-linge', à l'adresse : 'http://domogrid_v2.local/b'
2017-04-27 10:36:58.906252 Erreur sur la prise 'autre', à l'adresse : 'http://domogrid_v3.local/b'
2017-04-27 10:39:55.414288 Erreur sur la prise 'lave-linge', à l'adresse : 'http://domogrid_v2.local/1'
2017-04-27 10:40:01.672256 Erreur sur la prise 'autre', à l'adresse : 'http://domogrid_v3.local/1'
2017-04-27 10:40:07.982121 Erreur sur la prise 'lave-linge', à l'adresse : 'http://domogrid_v2.local/0'
2017-04-27 10:40:14.193935 Erreur sur la prise 'autre', à l'adresse : 'http://domogrid_v3.local/0'
2017-04-27 10:40:20.503961 Erreur sur la prise 'lave-linge', à l'adresse : 'http://domogrid_v2.local/b'
2017-04-27 10:40:26.717211 Erreur sur la prise 'autre', à l'adresse : 'http://domogrid_v3.local/b'
2017-04-27 10:40:32.981082 Erreur sur la prise 'lave-linge', à l'adresse : 'http://domogrid_v2.local/b'
2017-04-27 10:40:39.238658 Erreur sur la prise 'autre', à l'adresse : 'http://domogrid_v3.local/b'
2017-04-27 10:41:00.602028 Erreur sur la prise 'lave-linge', à l'adresse : 'http://domogrid_v2.local/1'
2017-04-27 10:41:27.505803 Erreur sur la prise 'lave-linge', à l'adresse : 'http://domogrid_v2.local/1'
2017-04-27 10:42:05.843198 Erreur sur la prise 'lave-linge', à l'adresse : 'http://domogrid_v2.local/1'
2017-04-27 10:42:12.154940 Erreur sur la prise 'autre', à l'adresse : 'http://domogrid_v3.local/1'
2017-04-27 10:43:28.635032 Erreur sur la prise 'lave-linge', à l'adresse : 'http://domogrid_v2.local/1'
2017-04-27 10:43:34.846566 Erreur sur la prise 'autre', à l'adresse : 'http://domogrid_v3.local/1'
2017-04-27 10:55:51.136870 Erreur sur la prise 'lave-linge', à l'adresse : 'http://domogrid_v2.local/1'
2017-04-27 10:55:57.364169 Erreur sur la prise 'autre', à l'adresse : 'http://domogrid_v3.local/1'
2017-04-27 10:56:03.629486 Erreur sur la prise 'autre', à l'adresse : 'http://domogrid_v3.local/0'
2017-04-27 10:56:09.886042 Erreur sur la prise 'lave-linge', à l'adresse : 'http://domogrid_v2.local/0'
2017-04-27 10:56:28.155553 Erreur sur la prise 'lave-linge', à l'adresse : 'http://domogrid_v2.local/1'
2017-04-27 10:59:55.109825 Erreur sur la prise 'lave-linge', à l'adresse : 'http://domogrid_v2.local/1'
2017-04-27 11:00:01.368116 Erreur sur la prise 'autre', à l'adresse : 'http://domogrid_v3.local/1'
2017-04-27 11:00:28.625485 Erreur sur la prise 'lave-linge', à l'adresse : 'http://domogrid_v2.local/1'
2017-04-27 11:04:13.957536 Erreur sur la prise 'lave-linge', à l'adresse : 'http://domogrid_v2.local/1'
2017-04-27 11:04:20.184883 Erreur sur la prise 'autre', à l'adresse : 'http://domogrid_v3.local/1'
2017-04-27 11:04:48.324224 Erreur sur la prise 'lave-linge', à l'adresse : 'http://domogrid_v2.local/1'
2017-04-27 11:04:54.541338 Erreur sur la prise 'autre', à l'adresse : 'http://domogrid_v3.local/1'
2017-04-27 11:05:00.856831 Erreur sur la prise 'lave-linge', à l'adresse : 'http://domogrid_v2.local/0'
2017-04-27 11:05:07.069061 Erreur sur la prise 'autre', à l'adresse : 'http://domogrid_v3.local/0'
2017-04-27 11:05:13.333780 Erreur sur la prise 'lave-linge', à l'adresse : 'http://domogrid_v2.local/b'
2017-04-27 11:05:19.592963 Erreur sur la prise 'autre', à l'adresse : 'http://domogrid_v3.local/b'
2017-04-27 11:05:25.863935 Erreur sur la prise 'lave-linge', à l'adresse : 'http://domogrid_v2.local/b'
2017-04-27 11:06:00.731818 Erreur sur la prise 'lave-linge', à l'adresse : 'http://domogrid_v2.local/1'
2017-04-27 11:06:06.988597 Erreur sur la prise 'autre', à l'adresse : 'http://domogrid_v3.local/1'
2017-04-27 11:06:13.253532 Erreur sur la prise 'lave-linge', à l'adresse : 'http://domogrid_v2.local/0'
2017-04-27 11:08:51.828585 Erreur sur la prise 'lave-linge', à l'adresse : 'http://domogrid_v2.local/1'
2017-04-27 11:08:58.083671 Erreur sur la prise 'autre', à l'adresse : 'http://domogrid_v3.local/1'
2017-04-27 11:09:04.394542 Erreur sur la prise 'lave-linge', à l'adresse : 'http://domogrid_v2.local/0'
2017-04-27 11:09:10.606958 Erreur sur la prise 'autre', à l'adresse : 'http://domogrid_v3.local/0'
2017-04-27 11:09:16.874014 Erreur sur la prise 'lave-linge', à l'adresse : 'http://domogrid_v2.local/b'
2017-04-27 11:09:23.131944 Erreur sur la prise 'autre', à l'adresse : 'http://domogrid_v3.local/b'
2017-04-27 11:09:29.397981 Erreur sur la prise 'lave-linge', à l'adresse : 'http://domogrid_v2.local/b'
2017-04-27 11:18:25.012033 Erreur sur la prise 'lave-linge', à l'adresse : 'http://domogrid_v2.local.local/1'
2017-04-27 11:18:25.131461 Erreur sur la prise 'lave vaisselle', à l'adresse : 'http://domogrid_v3.local.local/1'
2017-04-27 11:18:25.142470 Erreur sur la prise 'lave-linge', à l'adresse : 'http://domogrid_v2.local.local/0'
2017-04-27 11:18:25.143457 Erreur sur la prise 'lave vaisselle', à l'adresse : 'http://domogrid_v3.local.local/0'
2017-04-27 11:18:25.159479 Erreur sur la prise 'lave-linge', à l'adresse : 'http://domogrid_v2.local.local/b'
2017-04-27 11:18:25.162482 Erreur sur la prise 'lave vaisselle', à l'adresse : 'http://domogrid_v3.local.local/b'
2017-04-27 11:18:25.178815 Erreur sur la prise 'lave vaisselle', à l'adresse : 'http://domogrid_v3.local.local/b'
2017-04-27 11:18:25.182811 Erreur sur la prise 'lave-linge', à l'adresse : 'http://domogrid_v2.local.local/b'
2017-04-27 11:20:04.125247 Erreur sur la prise 'lave vaisselle', à l'adresse : 'http://domogrid_v3.local.local/1'
2017-04-27 11:20:04.126248 Erreur sur la prise 'lave-linge', à l'adresse : 'http://domogrid_v2.local.local/1'
2017-04-27 11:20:04.135266 Erreur sur la prise 'lave-linge', à l'adresse : 'http://domogrid_v2.local.local/0'
2017-04-27 11:20:04.138256 Erreur sur la prise 'lave vaisselle', à l'adresse : 'http://domogrid_v3.local.local/0'
2017-04-27 11:20:04.153279 Erreur sur la prise 'lave vaisselle', à l'adresse : 'http://domogrid_v3.local.local/b'
2017-04-27 11:20:04.157275 Erreur sur la prise 'lave-linge', à l'adresse : 'http://domogrid_v2.local.local/b'
2017-04-27 11:20:04.173669 Erreur sur la prise 'lave-linge', à l'adresse : 'http://domogrid_v2.local.local/b'
2017-04-27 11:20:04.177662 Erreur sur la prise 'lave vaisselle', à l'adresse : 'http://domogrid_v3.local.local/b'
2017-04-27 11:20:19.274285 Erreur sur la prise 'lave-linge', à l'adresse : 'http://domogrid_v2.local.local/1'
2017-04-27 11:20:19.277286 Erreur sur la prise 'lave vaisselle', à l'adresse : 'http://domogrid_v3.local.local/1'
2017-04-27 11:20:19.294299 Erreur sur la prise 'lave-linge', à l'adresse : 'http://domogrid_v2.local.local/0'
2017-04-27 11:20:19.297300 Erreur sur la prise 'lave vaisselle', à l'adresse : 'http://domogrid_v3.local.local/0'
2017-04-27 11:20:19.314325 Erreur sur la prise 'lave vaisselle', à l'adresse : 'http://domogrid_v3.local.local/b'
2017-04-27 11:20:19.318314 Erreur sur la prise 'lave-linge', à l'adresse : 'http://domogrid_v2.local.local/b'
2017-04-27 11:20:19.339329 Erreur sur la prise 'lave-linge', à l'adresse : 'http://domogrid_v2.local.local/b'
2017-04-27 11:20:19.342333 Erreur sur la prise 'lave vaisselle', à l'adresse : 'http://domogrid_v3.local.local/b'
2017-04-27 11:20:34.462053 Erreur sur la prise 'lave vaisselle', à l'adresse : 'http://domogrid_v3.local.local/1'
2017-04-27 11:20:34.465565 Erreur sur la prise 'lave-linge', à l'adresse : 'http://domogrid_v2.local.local/1'
2017-04-27 11:20:34.480433 Erreur sur la prise 'lave-linge', à l'adresse : 'http://domogrid_v2.local.local/0'
2017-04-27 11:20:34.484421 Erreur sur la prise 'lave vaisselle', à l'adresse : 'http://domogrid_v3.local.local/0'
2017-04-27 11:20:34.500444 Erreur sur la prise 'lave vaisselle', à l'adresse : 'http://domogrid_v3.local.local/b'
2017-04-27 11:20:34.504447 Erreur sur la prise 'lave-linge', à l'adresse : 'http://domogrid_v2.local.local/b'
2017-04-27 11:20:34.521458 Erreur sur la prise 'lave-linge', à l'adresse : 'http://domogrid_v2.local.local/b'
2017-04-27 11:20:34.525451 Erreur sur la prise 'lave vaisselle', à l'adresse : 'http://domogrid_v3.local.local/b'
2017-04-27 11:22:18.932149 Erreur sur la prise 'lave vaisselle', à l'adresse : 'http://domogrid_v3.local.local/1'
2017-04-27 11:22:18.932149 Erreur sur la prise 'lave-linge', à l'adresse : 'http://domogrid_v2.local.local/1'
2017-04-27 11:22:18.942148 Erreur sur la prise 'lave-linge', à l'adresse : 'http://domogrid_v2.local.local/0'
2017-04-27 11:22:18.944157 Erreur sur la prise 'lave vaisselle', à l'adresse : 'http://domogrid_v3.local.local/0'
2017-04-27 11:22:18.960171 Erreur sur la prise 'lave vaisselle', à l'adresse : 'http://domogrid_v3.local.local/b'
2017-04-27 11:22:18.963160 Erreur sur la prise 'lave-linge', à l'adresse : 'http://domogrid_v2.local.local/b'
2017-04-27 11:22:18.979182 Erreur sur la prise 'lave-linge', à l'adresse : 'http://domogrid_v2.local.local/b'
2017-04-27 11:22:18.984189 Erreur sur la prise 'lave vaisselle', à l'adresse : 'http://domogrid_v3.local.local/b'
2017-04-27 11:29:26.296721 Erreur sur la prise 'lave-linge', à l'adresse : 'http://domogrid_v2.local.local/1'
2017-04-27 11:29:26.296721 Erreur sur la prise 'lave vaisselle', à l'adresse : 'http://domogrid_v3.local.local/1'
2017-04-27 11:29:26.306733 Erreur sur la prise 'lave-linge', à l'adresse : 'http://domogrid_v2.local.local/0'
2017-04-27 11:29:26.309730 Erreur sur la prise 'lave vaisselle', à l'adresse : 'http://domogrid_v3.local.local/0'
2017-04-27 11:29:26.324754 Erreur sur la prise 'lave-linge', à l'adresse : 'http://domogrid_v2.local.local/b'
2017-04-27 11:29:26.327753 Erreur sur la prise 'lave vaisselle', à l'adresse : 'http://domogrid_v3.local.local/b'
2017-04-27 11:29:26.346258 Erreur sur la prise 'lave-linge', à l'adresse : 'http://domogrid_v2.local.local/b'
2017-04-27 11:29:26.350261 Erreur sur la prise 'lave vaisselle', à l'adresse : 'http://domogrid_v3.local.local/b'
2017-04-27 11:31:36.824360 Erreur sur la prise 'lave-linge', à l'adresse : 'http://domogrid_v2.local.local/1'
2017-04-27 11:31:36.824360 Erreur sur la prise 'lave vaisselle', à l'adresse : 'http://domogrid_v3.local.local/1'
2017-04-27 11:31:36.833377 Erreur sur la prise 'lave-linge', à l'adresse : 'http://domogrid_v2.local.local/0'
2017-04-27 11:31:36.834369 Erreur sur la prise 'lave vaisselle', à l'adresse : 'http://domogrid_v3.local.local/0'
2017-04-27 11:31:36.847378 Erreur sur la prise 'lave vaisselle', à l'adresse : 'http://domogrid_v3.local.local/b'
2017-04-27 11:31:36.851381 Erreur sur la prise 'lave-linge', à l'adresse : 'http://domogrid_v2.local.local/b'
2017-04-27 11:31:36.871906 Erreur sur la prise 'lave-linge', à l'adresse : 'http://domogrid_v2.local.local/b'
2017-04-27 11:31:36.875399 Erreur sur la prise 'lave vaisselle', à l'adresse : 'http://domogrid_v3.local.local/b'
2017-04-27 11:34:50.493627 Erreur sur la prise 'lave-linge', à l'adresse : 'http://domogrid_v2.local.local/1'
2017-04-27 11:34:50.508715 Erreur sur la prise 'lave vaisselle', à l'adresse : 'http://domogrid_v3.local.local/1'
2017-04-27 11:34:50.518310 Erreur sur la prise 'lave-linge', à l'adresse : 'http://domogrid_v2.local.local/0'
2017-04-27 11:34:50.519313 Erreur sur la prise 'lave vaisselle', à l'adresse : 'http://domogrid_v3.local.local/0'
2017-04-27 11:34:50.531310 Erreur sur la prise 'lave-linge', à l'adresse : 'http://domogrid_v2.local.local/b'
2017-04-27 11:34:50.534313 Erreur sur la prise 'lave vaisselle', à l'adresse : 'http://domogrid_v3.local.local/b'
2017-04-27 11:34:50.552325 Erreur sur la prise 'lave-linge', à l'adresse : 'http://domogrid_v2.local.local/b'
2017-04-27 11:34:50.556339 Erreur sur la prise 'lave vaisselle', à l'adresse : 'http://domogrid_v3.local.local/b'
2017-04-27 11:35:05.629554 Erreur sur la prise 'lave-linge', à l'adresse : 'http://domogrid_v2.local.local/1'
2017-04-27 11:35:05.632559 Erreur sur la prise 'lave vaisselle', à l'adresse : 'http://domogrid_v3.local.local/1'
2017-04-27 11:35:05.650570 Erreur sur la prise 'lave-linge', à l'adresse : 'http://domogrid_v2.local.local/0'
2017-04-27 11:35:05.654572 Erreur sur la prise 'lave vaisselle', à l'adresse : 'http://domogrid_v3.local.local/0'
2017-04-27 11:35:05.674596 Erreur sur la prise 'lave-linge', à l'adresse : 'http://domogrid_v2.local.local/b'
2017-04-27 11:35:05.678589 Erreur sur la prise 'lave vaisselle', à l'adresse : 'http://domogrid_v3.local.local/b'
2017-04-27 11:35:05.695612 Erreur sur la prise 'lave vaisselle', à l'adresse : 'http://domogrid_v3.local.local/b'
2017-04-27 11:35:05.700605 Erreur sur la prise 'lave-linge', à l'adresse : 'http://domogrid_v2.local.local/b'
2017-04-27 11:35:20.867719 Erreur sur la prise 'lave-linge', à l'adresse : 'http://domogrid_v2.local.local/1'
2017-04-27 11:35:20.916754 Erreur sur la prise 'lave vaisselle', à l'adresse : 'http://domogrid_v3.local.local/1'
2017-04-27 11:35:21.038839 Erreur sur la prise 'lave-linge', à l'adresse : 'http://domogrid_v2.local.local/0'
2017-04-27 11:35:21.044843 Erreur sur la prise 'lave vaisselle', à l'adresse : 'http://domogrid_v3.local.local/0'
2017-04-27 11:35:21.159424 Erreur sur la prise 'lave-linge', à l'adresse : 'http://domogrid_v2.local.local/b'
2017-04-27 11:35:21.174937 Erreur sur la prise 'lave vaisselle', à l'adresse : 'http://domogrid_v3.local.local/b'
2017-04-27 11:35:21.235979 Erreur sur la prise 'lave-linge', à l'adresse : 'http://domogrid_v2.local.local/b'
2017-04-27 11:35:21.274505 Erreur sur la prise 'lave vaisselle', à l'adresse : 'http://domogrid_v3.local.local/b'
2017-04-27 11:41:57.252242 Erreur sur la prise 'lave vaisselle', à l'adresse : 'http://domogrid_v3.local.local/1'
2017-04-27 11:41:57.252242 Erreur sur la prise 'lave vaisselle', à l'adresse : 'http://domogrid_v3.local.local/1'
2017-04-27 11:41:57.262249 Erreur sur la prise 'lave vaisselle', à l'adresse : 'http://domogrid_v3.local.local/0'
2017-04-27 11:41:57.262249 Erreur sur la prise 'lave vaisselle', à l'adresse : 'http://domogrid_v3.local.local/0'
2017-04-27 11:41:57.276259 Erreur sur la prise 'lave vaisselle', à l'adresse : 'http://domogrid_v3.local.local/b'
2017-04-27 11:41:57.281265 Erreur sur la prise 'lave vaisselle', à l'adresse : 'http://domogrid_v3.local.local/b'
2017-04-27 11:41:57.301277 Erreur sur la prise 'lave vaisselle', à l'adresse : 'http://domogrid_v3.local.local/b'
2017-04-27 11:41:57.304279 Erreur sur la prise 'lave vaisselle', à l'adresse : 'http://domogrid_v3.local.local/b'
2017-04-27 11:42:17.310569 Erreur sur la prise 'lave-linge', à l'adresse : 'http://domogrid_v2.local.local/1'
2017-04-27 11:42:17.311571 Erreur sur la prise 'lave vaisselle', à l'adresse : 'http://domogrid_v3.local.local/1'
2017-04-27 11:42:17.321586 Erreur sur la prise 'lave-linge', à l'adresse : 'http://domogrid_v2.local.local/0'
2017-04-27 11:42:17.321586 Erreur sur la prise 'lave vaisselle', à l'adresse : 'http://domogrid_v3.local.local/0'
2017-04-27 11:42:17.330584 Erreur sur la prise 'lave-linge', à l'adresse : 'http://domogrid_v2.local.local/b'
2017-04-27 11:42:17.334599 Erreur sur la prise 'lave vaisselle', à l'adresse : 'http://domogrid_v3.local.local/b'
2017-04-27 11:42:17.351602 Erreur sur la prise 'lave-linge', à l'adresse : 'http://domogrid_v2.local.local/b'
2017-04-27 11:42:17.355105 Erreur sur la prise 'lave vaisselle', à l'adresse : 'http://domogrid_v3.local.local/b'
2017-04-27 11:42:32.430031 Erreur sur la prise 'lave-linge', à l'adresse : 'http://domogrid_v2.local.local/1'
2017-04-27 11:42:32.434020 Erreur sur la prise 'lave vaisselle', à l'adresse : 'http://domogrid_v3.local.local/1'
2017-04-27 11:42:32.449553 Erreur sur la prise 'lave vaisselle', à l'adresse : 'http://domogrid_v3.local.local/0'
2017-04-27 11:42:32.452544 Erreur sur la prise 'lave-linge', à l'adresse : 'http://domogrid_v2.local.local/0'
2017-04-27 11:42:32.469557 Erreur sur la prise 'lave-linge', à l'adresse : 'http://domogrid_v2.local.local/b'
2017-04-27 11:42:32.473560 Erreur sur la prise 'lave vaisselle', à l'adresse : 'http://domogrid_v3.local.local/b'
2017-04-27 11:42:32.489571 Erreur sur la prise 'lave-linge', à l'adresse : 'http://domogrid_v2.local.local/b'
2017-04-27 11:42:32.492583 Erreur sur la prise 'lave vaisselle', à l'adresse : 'http://domogrid_v3.local.local/b'
2017-04-27 11:45:18.497476 Erreur sur la prise 'lave-linge', à l'adresse : 'http://domogrid_v2.local.local/1'
2017-04-27 11:45:18.497476 Erreur sur la prise 'lave vaisselle', à l'adresse : 'http://domogrid_v3.local.local/1'
2017-04-27 11:45:18.507483 Erreur sur la prise 'lave vaisselle', à l'adresse : 'http://domogrid_v3.local.local/0'
2017-04-27 11:45:18.508484 Erreur sur la prise 'lave-linge', à l'adresse : 'http://domogrid_v2.local.local/0'
2017-04-27 11:45:18.517490 Erreur sur la prise 'lave-linge', à l'adresse : 'http://domogrid_v2.local.local/b'
2017-04-27 11:45:18.518491 Erreur sur la prise 'lave vaisselle', à l'adresse : 'http://domogrid_v3.local.local/b'
2017-04-27 11:45:18.528582 Erreur sur la prise 'lave vaisselle', à l'adresse : 'http://domogrid_v3.local.local/b'
2017-04-27 11:45:18.529499 Erreur sur la prise 'lave-linge', à l'adresse : 'http://domogrid_v2.local.local/b'
2017-04-27 11:45:29.856413 Erreur sur la prise 'lave vaisselle', à l'adresse : 'http://domogrid_v3.local.local/1'
2017-04-27 11:45:29.856926 Erreur sur la prise 'lave-linge', à l'adresse : 'http://domogrid_v2.local.local/1'
2017-04-27 11:45:29.866665 Erreur sur la prise 'lave-linge', à l'adresse : 'http://domogrid_v2.local.local/0'
2017-04-27 11:45:29.866665 Erreur sur la prise 'lave vaisselle', à l'adresse : 'http://domogrid_v3.local.local/0'
2017-04-27 11:45:29.875669 Erreur sur la prise 'lave vaisselle', à l'adresse : 'http://domogrid_v3.local.local/b'
2017-04-27 11:45:29.876670 Erreur sur la prise 'lave-linge', à l'adresse : 'http://domogrid_v2.local.local/b'
2017-04-27 11:45:29.885690 Erreur sur la prise 'lave-linge', à l'adresse : 'http://domogrid_v2.local.local/b'
2017-04-27 11:45:29.886690 Erreur sur la prise 'lave vaisselle', à l'adresse : 'http://domogrid_v3.local.local/b'
2017-04-27 11:56:19.734524 Erreur sur la prise 'lave-linge', à l'adresse : 'http://domogrid_v2.local.local/1'
2017-04-27 11:56:19.743530 Erreur sur la prise 'lave vaisselle', à l'adresse : 'http://domogrid_v3.local.local/1'
2017-04-27 11:56:19.753537 Erreur sur la prise 'lave-linge', à l'adresse : 'http://domogrid_v2.local.local/0'
2017-04-27 11:56:19.753537 Erreur sur la prise 'lave vaisselle', à l'adresse : 'http://domogrid_v3.local.local/0'
2017-04-27 11:56:19.763544 Erreur sur la prise 'lave-linge', à l'adresse : 'http://domogrid_v2.local.local/b'
2017-04-27 11:56:19.764545 Erreur sur la prise 'lave vaisselle', à l'adresse : 'http://domogrid_v3.local.local/b'
2017-04-27 11:56:19.773567 Erreur sur la prise 'lave vaisselle', à l'adresse : 'http://domogrid_v3.local.local/b'
2017-04-27 11:56:19.774068 Erreur sur la prise 'lave-linge', à l'adresse : 'http://domogrid_v2.local.local/b'
2017-04-27 11:56:34.803925 Erreur sur la prise 'lave vaisselle', à l'adresse : 'http://domogrid_v3.local.local/1'
2017-04-27 11:56:34.804917 Erreur sur la prise 'lave-linge', à l'adresse : 'http://domogrid_v2.local.local/1'
2017-04-27 11:56:34.814919 Erreur sur la prise 'lave-linge', à l'adresse : 'http://domogrid_v2.local.local/0'
2017-04-27 11:56:34.815919 Erreur sur la prise 'lave vaisselle', à l'adresse : 'http://domogrid_v3.local.local/0'
2017-04-27 11:56:34.825937 Erreur sur la prise 'lave-linge', à l'adresse : 'http://domogrid_v2.local.local/b'
2017-04-27 11:56:34.826938 Erreur sur la prise 'lave vaisselle', à l'adresse : 'http://domogrid_v3.local.local/b'
2017-04-27 11:56:34.835944 Erreur sur la prise 'lave vaisselle', à l'adresse : 'http://domogrid_v3.local.local/b'
2017-04-27 11:56:34.837946 Erreur sur la prise 'lave-linge', à l'adresse : 'http://domogrid_v2.local.local/b'
2017-04-27 22:23:02.003914 Erreur sur la prise 'lave vaisselle', à l'adresse : 'http://domogrid_v3.local/1'
2017-04-28 01:49:39.812208 Succès, tâche 'lave-linge', mise à l'état 1
2017-04-28 01:55:08.517593 Succès, tâche 'lave-linge', mise à l'état 1
2017-04-28 02:00:51.347056 Succès, tâche 'lave-linge', mise à l'état 1
2017-04-28 02:00:54.043968 Succès, tâche 'lave-linge', mise à l'état 0
2017-04-28 02:00:56.387948 Succès, tâche 'lave-linge', mise à l'état 2
2017-04-28 02:22:29.275215 Erreur sur la prise 'lave-linge', à l'adresse : 'http://domogrid_v2.local/1'
2017-04-28 02:22:32.132401 Erreur sur la prise 'lave vaisselle', à l'adresse : 'http://domogrid_v3.local/1'
2017-04-28 02:22:34.543112 Erreur sur la prise 'lave-linge', à l'adresse : 'http://domogrid_v2.local/1'
2017-04-28 02:26:13.836684 Erreur sur la prise 'lave-linge', à l'adresse : 'http://domogrid_v2.local/1'
2017-04-28 02:26:16.699830 Erreur sur la prise 'lave vaisselle', à l'adresse : 'http://domogrid_v3.local/1'
2017-04-28 02:26:19.114173 Erreur sur la prise 'lave-linge', à l'adresse : 'http://domogrid_v2.local/1'
2017-04-28 02:27:57.597783 Erreur sur la prise 'lave-linge', à l'adresse : 'http://domogrid_v2.local/0'
2017-04-28 02:28:00.019700 Erreur sur la prise 'lave vaisselle', à l'adresse : 'http://domogrid_v3.local/0'
2017-04-28 02:28:02.452278 Erreur sur la prise 'lave-linge', à l'adresse : 'http://domogrid_v2.local/0'
2017-04-28 02:28:04.913906 Erreur sur la prise 'lave vaisselle', à l'adresse : 'http://domogrid_v3.local/0'
2017-04-28 02:28:58.138693 Succès, tâche 'lave-linge', mise à l'état 0
2017-04-28 02:28:58.148700 Erreur sur la prise 'lave-linge', à l'adresse : 'http://domogrid_v2.local/0'
2017-04-28 02:29:02.466173 Succès, tâche 'lave vaisselle', mise à l'état 0
2017-04-28 02:29:02.476173 Erreur sur la prise 'lave vaisselle', à l'adresse : 'http://domogrid_v3.local/0'
2017-04-28 02:29:03.017401 Succès, tâche 'lave-linge', mise à l'état 0
2017-04-28 02:29:03.026908 Erreur sur la prise 'lave-linge', à l'adresse : 'http://domogrid_v2.local/0'
2017-04-28 02:29:05.553725 Succès, tâche 'lave vaisselle', mise à l'état 0
2017-04-28 02:29:05.563744 Erreur sur la prise 'lave vaisselle', à l'adresse : 'http://domogrid_v3.local/0'
2017-04-28 02:29:55.942684 Succès, tâche 'lave-linge', mise à l'état 0
2017-04-28 02:29:55.953692 Erreur sur la prise 'lave-linge', à l'adresse : 'http://domogrid_v2.local/0'
2017-04-28 02:30:00.173992 Succès, tâche 'lave vaisselle', mise à l'état 0
2017-04-28 02:30:00.183499 Erreur sur la prise 'lave vaisselle', à l'adresse : 'http://domogrid_v3.local/0'
2017-04-28 02:30:00.821246 Succès, tâche 'lave-linge', mise à l'état 0
2017-04-28 02:30:00.831241 Erreur sur la prise 'lave-linge', à l'adresse : 'http://domogrid_v2.local/0'
2017-04-28 02:30:48.584755 Succès, tâche 'lave-linge', mise à l'état 0
2017-04-28 02:30:48.598267 Erreur sur la prise 'lave-linge', à l'adresse : 'http://domogrid_v2.local/0'
2017-04-28 02:30:51.027086 Succès, tâche 'lave vaisselle', mise à l'état 0
2017-04-28 02:30:51.039084 Erreur sur la prise 'lave vaisselle', à l'adresse : 'http://domogrid_v3.local/0'
2017-04-28 02:30:53.551341 Succès, tâche 'lave-linge', mise à l'état 0
2017-04-28 02:30:53.566341 Erreur sur la prise 'lave-linge', à l'adresse : 'http://domogrid_v2.local/0'
2017-04-28 02:30:56.048706 Succès, tâche 'lave vaisselle', mise à l'état 0
2017-04-28 02:30:56.066717 Erreur sur la prise 'lave vaisselle', à l'adresse : 'http://domogrid_v3.local/0'
2017-04-28 02:32:49.655719 Succès, tâche 'lave-linge', mise à l'état 0
2017-04-28 02:32:49.668728 Erreur sur la prise 'lave-linge', à l'adresse : 'http://domogrid_v2.local/0'
2017-04-28 02:32:52.707519 Succès, tâche 'lave vaisselle', mise à l'état 0
2017-04-28 02:32:52.724044 Erreur sur la prise 'lave vaisselle', à l'adresse : 'http://domogrid_v3.local/0'
2017-04-28 02:32:54.968238 Succès, tâche 'lave-linge', mise à l'état 0
2017-04-28 02:32:54.982734 Erreur sur la prise 'lave-linge', à l'adresse : 'http://domogrid_v2.local/0'
2017-04-28 02:32:58.003178 Succès, tâche 'lave vaisselle', mise à l'état 0
2017-04-28 02:32:58.021724 Erreur sur la prise 'lave vaisselle', à l'adresse : 'http://domogrid_v3.local/0'
2017-04-28 02:33:46.153197 Succès, tâche 'lave-linge', mise à l'état 0
2017-04-28 02:33:46.167189 Erreur sur la prise 'lave-linge', à l'adresse : 'http://domogrid_v2.local/0'
2017-04-28 02:33:48.586800 Succès, tâche 'lave vaisselle', mise à l'état 0
2017-04-28 02:33:48.600310 Erreur sur la prise 'lave vaisselle', à l'adresse : 'http://domogrid_v3.local/0'
2017-04-28 02:33:51.033653 Succès, tâche 'lave-linge', mise à l'état 0
2017-04-28 02:33:51.049676 Erreur sur la prise 'lave-linge', à l'adresse : 'http://domogrid_v2.local/0'
2017-04-28 02:33:53.614638 Succès, tâche 'lave vaisselle', mise à l'état 0
2017-04-28 02:41:14.851589 Succès, tâche 'lave-linge', mise à l'état 0
2017-04-28 02:41:14.860086 Erreur sur la prise 'lave-linge', à l'adresse : 'http://domogrid_v2.local/0'
2017-04-28 02:41:17.717289 Succès, tâche 'lave vaisselle', mise à l'état 0
2017-04-28 02:41:17.728804 Erreur sur la prise 'lave vaisselle', à l'adresse : 'http://domogrid_v3.local/0'
2017-04-28 02:42:42.700061 Succès, tâche 'lave-linge', mise à l'état 0
2017-04-28 02:42:45.468443 Succès, tâche 'lave vaisselle', mise à l'état 0
2017-04-28 02:42:47.624253 Succès, tâche 'lave-linge', mise à l'état 0
2017-04-28 02:42:50.176573 Succès, tâche 'lave vaisselle', mise à l'état 0
2017-04-28 02:43:44.148481 Succès, tâche 'lave-linge', mise à l'état 0
2017-04-28 02:43:47.009804 Succès, tâche 'lave vaisselle', mise à l'état 0
2017-04-28 02:43:49.372965 Succès, tâche 'lave-linge', mise à l'état 0
2017-04-28 02:43:51.924757 Succès, tâche 'lave vaisselle', mise à l'état 0
2017-04-28 02:43:57.825014 Succès, tâche 'lave-linge', mise à l'état 0
2017-04-28 02:44:01.193149 Succès, tâche 'lave vaisselle', mise à l'état 0
2017-04-28 02:44:02.816035 Succès, tâche 'lave-linge', mise à l'état 0
2017-04-28 02:48:13.658249 Succès, tâche 'lave vaisselle', mise à l'état 2
2017-04-28 02:49:19.034774 Succès, tâche 'lave vaisselle', mise à l'état 2
2017-04-28 02:49:21.549664 Succès, tâche 'lave vaisselle', mise à l'état 2
2017-04-28 02:49:24.006346 Succès, tâche 'lave vaisselle', mise à l'état 2
2017-04-28 02:49:26.465667 Succès, tâche 'lave vaisselle', mise à l'état 2
2017-04-28 02:49:29.026094 Succès, tâche 'lave vaisselle', mise à l'état 2
2017-04-28 02:49:31.340539 Succès, tâche 'lave vaisselle', mise à l'état 2
2017-04-28 02:49:34.152520 Succès, tâche 'lave vaisselle', mise à l'état 2
2017-04-28 02:49:36.296184 Succès, tâche 'lave vaisselle', mise à l'état 2
2017-04-28 02:49:38.857067 Succès, tâche 'lave vaisselle', mise à l'état 2
2017-04-28 02:49:41.210058 Succès, tâche 'lave vaisselle', mise à l'état 2
2017-04-28 02:49:43.669808 Succès, tâche 'lave vaisselle', mise à l'état 2
2017-04-28 02:49:46.126491 Succès, tâche 'lave vaisselle', mise à l'état 2
2017-04-28 02:49:48.584539 Succès, tâche 'lave vaisselle', mise à l'état 2
2017-04-28 02:49:51.040285 Succès, tâche 'lave vaisselle', mise à l'état 2
2017-04-28 02:49:53.604591 Succès, tâche 'lave vaisselle', mise à l'état 2
2017-04-28 02:49:56.056894 Succès, tâche 'lave vaisselle', mise à l'état 2
2017-04-28 02:49:58.574492 Succès, tâche 'lave vaisselle', mise à l'état 2
2017-04-28 02:50:01.281337 Succès, tâche 'lave vaisselle', mise à l'état 2
2017-04-28 02:50:03.467053 Succès, tâche 'lave vaisselle', mise à l'état 2
2017-04-28 02:50:05.792045 Succès, tâche 'lave vaisselle', mise à l'état 2
2017-04-28 02:50:08.251002 Succès, tâche 'lave vaisselle', mise à l'état 2
2017-04-28 02:50:10.710913 Succès, tâche 'lave vaisselle', mise à l'état 2
2017-04-28 02:50:13.172960 Succès, tâche 'lave vaisselle', mise à l'état 2
2017-04-28 02:50:15.632829 Succès, tâche 'lave vaisselle', mise à l'état 2
2017-04-28 02:50:18.095055 Succès, tâche 'lave vaisselle', mise à l'état 2
2017-04-28 02:50:20.558254 Succès, tâche 'lave vaisselle', mise à l'état 2
2017-04-28 02:50:23.017332 Succès, tâche 'lave vaisselle', mise à l'état 2
2017-04-28 02:50:25.483400 Succès, tâche 'lave vaisselle', mise à l'état 2
2017-04-28 02:50:30.173894 Succès, tâche 'lave vaisselle', mise à l'état 2
2017-04-28 02:50:30.399107 Succès, tâche 'lave vaisselle', mise à l'état 2
2017-04-28 02:50:32.858922 Succès, tâche 'lave vaisselle', mise à l'état 2
2017-04-28 02:50:35.317900 Succès, tâche 'lave vaisselle', mise à l'état 2
2017-04-28 02:50:37.780201 Succès, tâche 'lave vaisselle', mise à l'état 2
2017-04-28 02:50:40.243581 Succès, tâche 'lave vaisselle', mise à l'état 2
2017-04-28 02:50:42.706416 Succès, tâche 'lave vaisselle', mise à l'état 2
2017-04-28 02:50:45.165562 Succès, tâche 'lave vaisselle', mise à l'état 2
2017-04-28 02:50:47.624378 Succès, tâche 'lave vaisselle', mise à l'état 2
2017-04-28 02:50:51.231763 Succès, tâche 'lave vaisselle', mise à l'état 2
2017-04-28 02:50:52.547003 Succès, tâche 'lave vaisselle', mise à l'état 2
2017-04-28 02:50:55.009800 Succès, tâche 'lave vaisselle', mise à l'état 2
2017-04-28 02:50:57.535214 Succès, tâche 'lave vaisselle', mise à l'état 2
2017-04-28 02:50:59.931602 Succès, tâche 'lave vaisselle', mise à l'état 2
2017-04-28 02:51:02.391456 Succès, tâche 'lave vaisselle', mise à l'état 2
2017-04-28 02:51:04.851966 Succès, tâche 'lave vaisselle', mise à l'état 2
2017-04-28 02:51:07.314330 Succès, tâche 'lave vaisselle', mise à l'état 2
2017-04-28 02:51:09.778502 Succès, tâche 'lave vaisselle', mise à l'état 2
2017-04-28 02:51:12.236714 Succès, tâche 'lave vaisselle', mise à l'état 2
2017-04-28 02:51:14.696229 Succès, tâche 'lave vaisselle', mise à l'état 2
2017-04-28 02:51:17.155499 Succès, tâche 'lave vaisselle', mise à l'état 2
2017-04-28 02:51:19.617232 Succès, tâche 'lave vaisselle', mise à l'état 2
2017-04-28 02:51:22.080562 Succès, tâche 'lave vaisselle', mise à l'état 2
2017-04-28 02:51:24.542659 Succès, tâche 'lave vaisselle', mise à l'état 2
2017-04-28 02:51:27.005796 Succès, tâche 'lave vaisselle', mise à l'état 2
2017-04-28 02:51:31.623276 Succès, tâche 'lave vaisselle', mise à l'état 2
2017-04-28 02:51:31.927437 Succès, tâche 'lave vaisselle', mise à l'état 2
2017-04-28 02:51:34.387559 Succès, tâche 'lave vaisselle', mise à l'état 2
2017-04-28 02:51:36.850396 Succès, tâche 'lave vaisselle', mise à l'état 2
2017-04-28 02:51:39.313299 Succès, tâche 'lave vaisselle', mise à l'état 2
2017-04-28 02:51:41.772650 Succès, tâche 'lave vaisselle', mise à l'état 2
2017-04-28 02:51:44.235169 Succès, tâche 'lave vaisselle', mise à l'état 2
2017-04-28 02:51:46.694598 Succès, tâche 'lave vaisselle', mise à l'état 2
2017-04-28 02:51:49.156516 Succès, tâche 'lave vaisselle', mise à l'état 2
2017-04-28 02:51:50.577484 Succès, tâche 'lave vaisselle', mise à l'état 2
2017-04-28 02:51:51.621201 Succès, tâche 'lave vaisselle', mise à l'état 2
2017-04-28 02:51:53.137866 Succès, tâche 'lave vaisselle', mise à l'état 2
2017-04-28 02:51:54.084102 Succès, tâche 'lave vaisselle', mise à l'état 2
2017-04-28 02:51:55.500570 Succès, tâche 'lave vaisselle', mise à l'état 2
2017-04-28 02:51:57.961312 Succès, tâche 'lave vaisselle', mise à l'état 2
2017-04-28 02:52:00.512831 Succès, tâche 'lave vaisselle', mise à l'état 2
2017-04-28 02:52:02.968181 Succès, tâche 'lave vaisselle', mise à l'état 2
2017-04-28 02:52:36.008586 Succès, tâche 'lave vaisselle', mise à l'état 2
2017-04-28 02:52:38.382011 Succès, tâche 'lave vaisselle', mise à l'état 2
2017-04-28 02:52:40.845293 Succès, tâche 'lave vaisselle', mise à l'état 2
2017-04-28 02:52:43.305559 Succès, tâche 'lave vaisselle', mise à l'état 2
2017-04-28 02:53:14.513035 Succès, tâche 'lave vaisselle', mise à l'état 2
2017-04-28 02:53:16.890486 Succès, tâche 'lave vaisselle', mise à l'état 2
2017-04-28 02:53:19.425401 Succès, tâche 'lave vaisselle', mise à l'état 2
2017-04-28 02:53:21.882890 Succès, tâche 'lave vaisselle', mise à l'état 2
2017-04-28 02:53:24.339403 Succès, tâche 'lave vaisselle', mise à l'état 2
2017-04-28 02:53:26.730630 Succès, tâche 'lave vaisselle', mise à l'état 2
2017-04-28 02:53:29.259509 Succès, tâche 'lave vaisselle', mise à l'état 2
2017-04-28 02:53:31.823492 Succès, tâche 'lave vaisselle', mise à l'état 2
2017-04-28 02:55:36.852106 Succès, tâche 'lave vaisselle', mise à l'état 2
2017-04-28 02:55:39.407245 Succès, tâche 'lave vaisselle', mise à l'état 2
2017-04-28 02:55:42.068422 Succès, tâche 'lave vaisselle', mise à l'état 2
2017-04-28 02:59:11.633859 Erreur, aucune prise ne peut effectuer la tâche 'lave vaisselle'
2017-04-28 02:59:12.652160 Erreur, aucune prise ne peut effectuer la tâche 'lave vaisselle'
2017-04-28 02:59:13.668842 Erreur, aucune prise ne peut effectuer la tâche 'lave vaisselle'
2017-04-28 02:59:14.459100 Succès, tâche 'lave vaisselle', mise à l'état 2
2017-04-28 02:59:14.687300 Erreur, aucune prise ne peut effectuer la tâche 'lave vaisselle'
2017-04-28 02:59:15.699950 Erreur, aucune prise ne peut effectuer la tâche 'lave vaisselle'
2017-04-28 02:59:16.710512 Erreur, aucune prise ne peut effectuer la tâche 'lave vaisselle'
2017-04-28 02:59:16.805737 Succès, tâche 'lave vaisselle', mise à l'état 2
2017-04-28 03:00:57.095287 Erreur, aucune prise ne peut effectuer la tâche 'lave vaisselle'
2017-04-28 03:00:58.102834 Erreur, aucune prise ne peut effectuer la tâche 'lave vaisselle'
2017-04-28 03:00:59.109229 Erreur, aucune prise ne peut effectuer la tâche 'lave vaisselle'
2017-04-28 03:00:59.916172 Succès, tâche 'lave vaisselle', mise à l'état 2
2017-04-28 03:01:00.115317 Erreur, aucune prise ne peut effectuer la tâche 'lave vaisselle'
2017-04-28 03:01:01.125347 Erreur, aucune prise ne peut effectuer la tâche 'lave vaisselle'
2017-04-28 03:01:02.140416 Erreur, aucune prise ne peut effectuer la tâche 'lave vaisselle'
2017-04-28 03:01:03.147131 Erreur, aucune prise ne peut effectuer la tâche 'lave vaisselle'
2017-04-28 03:01:03.593490 Succès, tâche 'lave vaisselle', mise à l'état 2
2017-04-28 03:01:04.154412 Erreur, aucune prise ne peut effectuer la tâche 'lave vaisselle'
2017-04-28 03:03:03.776681 Erreur, aucune prise ne peut effectuer la tâche 'lave vaisselle'
2017-04-28 03:05:19.810336 Erreur, aucune prise ne peut effectuer la tâche 'lave vaisselle'
2017-04-28 03:07:09.161614 Erreur, aucune prise ne peut effectuer la tâche 'lave vaisselle'
2017-04-28 03:09:28.940535 Erreur, aucune prise ne peut effectuer la tâche 'lave vaisselle'
2017-04-28 03:09:29.947920 Erreur, aucune prise ne peut effectuer la tâche 'lave vaisselle'
2017-04-28 03:09:30.955158 Erreur, aucune prise ne peut effectuer la tâche 'lave vaisselle'
2017-04-28 03:09:31.510446 Succès, tâche 'lave vaisselle', mise à l'état 0
2017-04-28 03:09:31.962449 Erreur, aucune prise ne peut effectuer la tâche 'lave vaisselle'
2017-04-28 03:09:32.971335 Erreur, aucune prise ne peut effectuer la tâche 'lave vaisselle'
2017-04-28 03:09:33.977464 Erreur, aucune prise ne peut effectuer la tâche 'lave vaisselle'
2017-04-28 03:09:34.066151 Succès, tâche 'lave vaisselle', mise à l'état 0
2017-04-28 03:09:34.984778 Erreur, aucune prise ne peut effectuer la tâche 'lave vaisselle'
2017-04-28 03:09:35.990948 Erreur, aucune prise ne peut effectuer la tâche 'lave vaisselle'
2017-04-28 03:09:36.523687 Succès, tâche 'lave vaisselle', mise à l'état 0
2017-04-28 03:09:37.000082 Erreur, aucune prise ne peut effectuer la tâche 'lave vaisselle'
2017-04-28 03:09:52.148489 Erreur, aucune prise ne peut effectuer la tâche 'lave vaisselle'
2017-04-28 03:09:53.162402 Erreur, aucune prise ne peut effectuer la tâche 'lave vaisselle'
2017-04-28 03:09:54.174249 Erreur, aucune prise ne peut effectuer la tâche 'lave vaisselle'
2017-04-28 03:09:55.061565 Succès, tâche 'lave vaisselle', mise à l'état 0
2017-04-28 03:09:55.189906 Erreur, aucune prise ne peut effectuer la tâche 'lave vaisselle'
2017-04-28 03:09:56.205506 Erreur, aucune prise ne peut effectuer la tâche 'lave vaisselle'
2017-04-28 03:09:57.210123 Succès, tâche 'lave vaisselle', mise à l'état 0
2017-04-28 03:09:57.258449 Erreur, aucune prise ne peut effectuer la tâche 'lave vaisselle'
2017-04-28 03:09:58.269747 Erreur, aucune prise ne peut effectuer la tâche 'lave vaisselle'
2017-04-28 03:10:29.164855 Erreur, aucune prise ne peut effectuer la tâche 'lave vaisselle'
2017-04-28 03:10:30.187234 Erreur, aucune prise ne peut effectuer la tâche 'lave vaisselle'
2017-04-28 03:10:31.203212 Erreur, aucune prise ne peut effectuer la tâche 'lave vaisselle'
2017-04-28 03:10:31.719202 Succès, tâche 'lave vaisselle', mise à l'état 0
2017-04-28 03:10:32.234187 Erreur, aucune prise ne peut effectuer la tâche 'lave vaisselle'
2017-04-28 03:10:33.284586 Erreur, aucune prise ne peut effectuer la tâche 'lave vaisselle'
2017-04-28 03:10:34.178204 Succès, tâche 'lave vaisselle', mise à l'état 0
2017-04-28 03:10:34.307345 Erreur, aucune prise ne peut effectuer la tâche 'lave vaisselle'
2017-04-28 03:10:47.595532 Erreur, aucune prise ne peut effectuer la tâche 'lave vaisselle'
2017-04-28 03:10:48.607270 Erreur, aucune prise ne peut effectuer la tâche 'lave vaisselle'
2017-04-28 03:10:49.617673 Erreur, aucune prise ne peut effectuer la tâche 'lave vaisselle'
2017-04-28 03:10:50.149509 Succès, tâche 'lave vaisselle', mise à l'état 0
2017-04-28 03:10:50.629210 Erreur, aucune prise ne peut effectuer la tâche 'lave vaisselle'
2017-04-28 03:10:51.664137 Erreur, aucune prise ne peut effectuer la tâche 'lave vaisselle'
2017-04-28 03:10:52.676689 Erreur, aucune prise ne peut effectuer la tâche 'lave vaisselle'
2017-04-28 03:10:52.813662 Succès, tâche 'lave vaisselle', mise à l'état 0
2017-04-28 03:10:53.687773 Erreur, aucune prise ne peut effectuer la tâche 'lave vaisselle'
2017-04-28 03:11:31.961164 Erreur, aucune prise ne peut effectuer la tâche 'lave vaisselle'
2017-04-28 03:11:32.973989 Erreur, aucune prise ne peut effectuer la tâche 'lave vaisselle'
2017-04-28 03:11:33.987240 Erreur, aucune prise ne peut effectuer la tâche 'lave vaisselle'
2017-04-28 03:11:34.797474 Succès, tâche 'lave vaisselle', mise à l'état 0
2017-04-28 03:11:34.998864 Erreur, aucune prise ne peut effectuer la tâche 'lave vaisselle'
2017-04-28 03:11:36.032600 Erreur, aucune prise ne peut effectuer la tâche 'lave vaisselle'
2017-04-28 03:12:12.807722 Erreur, aucune prise ne peut effectuer la tâche 'lave vaisselle'
2017-04-28 03:12:33.564072 Erreur, aucune prise ne peut effectuer la tâche 'lave vaisselle'
2017-04-28 03:12:54.205023 Erreur, aucune prise ne peut effectuer la tâche 'lave vaisselle'
2017-04-28 03:13:01.339257 Erreur, aucune prise ne peut effectuer la tâche 'lave vaisselle'
2017-04-28 03:13:16.413006 Erreur, aucune prise ne peut effectuer la tâche 'lave vaisselle'
2017-04-28 03:13:17.424925 Erreur, aucune prise ne peut effectuer la tâche 'lave vaisselle'
2017-04-28 03:13:18.436132 Erreur, aucune prise ne peut effectuer la tâche 'lave vaisselle'
2017-04-28 03:13:18.936062 Succès, tâche 'lave vaisselle', mise à l'état 0
2017-04-28 03:13:19.451668 Erreur, aucune prise ne peut effectuer la tâche 'lave vaisselle'
2017-04-28 03:13:20.465749 Erreur, aucune prise ne peut effectuer la tâche 'lave vaisselle'
2017-04-28 03:13:21.395980 Succès, tâche 'lave vaisselle', mise à l'état 0
2017-04-28 03:13:21.477573 Erreur, aucune prise ne peut effectuer la tâche 'lave vaisselle'
2017-04-28 03:13:22.509378 Erreur, aucune prise ne peut effectuer la tâche 'lave vaisselle'
2017-04-28 03:13:23.521090 Erreur, aucune prise ne peut effectuer la tâche 'lave vaisselle'
2017-04-28 03:13:23.852262 Succès, tâche 'lave vaisselle', mise à l'état 0
2017-04-28 03:13:24.534679 Erreur, aucune prise ne peut effectuer la tâche 'lave vaisselle'
2017-04-28 03:13:25.575061 Erreur, aucune prise ne peut effectuer la tâche 'lave vaisselle'
2017-04-28 03:13:26.308511 Succès, tâche 'lave vaisselle', mise à l'état 0
2017-04-28 03:13:26.592676 Erreur, aucune prise ne peut effectuer la tâche 'lave vaisselle'
2017-04-28 03:13:27.628639 Erreur, aucune prise ne peut effectuer la tâche 'lave vaisselle'
2017-04-28 03:13:28.645246 Erreur, aucune prise ne peut effectuer la tâche 'lave vaisselle'
2017-04-28 03:13:28.973248 Succès, tâche 'lave vaisselle', mise à l'état 0
2017-04-28 03:13:29.662209 Erreur, aucune prise ne peut effectuer la tâche 'lave vaisselle'
2017-04-28 03:13:30.695056 Erreur, aucune prise ne peut effectuer la tâche 'lave vaisselle'
2017-04-28 03:13:31.205130 Succès, tâche 'lave vaisselle', mise à l'état 0
2017-04-28 03:14:18.878401 Erreur, aucune prise ne peut effectuer la tâche 'lave vaisselle'
2017-04-28 03:15:44.098787 Erreur, aucune prise ne peut effectuer la tâche 'lave vaisselle'
2017-04-28 03:15:47.005659 Succès, tâche 'lave vaisselle', mise à l'état 1
2017-04-28 03:17:27.084543 Erreur, aucune prise ne peut effectuer la tâche 'lave vaisselle'
2017-04-28 03:17:29.610775 Succès, tâche 'lave vaisselle', mise à l'état 0
2017-04-28 03:19:56.795724 Erreur, aucune prise ne peut effectuer la tâche 'lave vaisselle'
2017-04-28 03:20:01.084110 Succès, tâche 'lave vaisselle', mise à l'état 1
2017-04-28 03:20:56.892630 Erreur, aucune prise ne peut effectuer la tâche 'lave vaisselle'
2017-04-28 03:20:59.872104 Succès, tâche 'lave vaisselle', mise à l'état 1
2017-04-28 03:29:57.269441 Erreur, aucune prise ne peut effectuer la tâche 'v3'
2017-04-28 03:30:00.201543 Succès, tâche 'v3', mise à l'état 1
2017-04-28 03:32:31.356491 Erreur, aucune prise ne peut effectuer la tâche 'v3'
2017-04-28 03:32:34.213467 Succès, tâche 'v3', mise à l'état 0
2017-04-28 07:40:56.463585 Erreur, aucune prise ne peut effectuer la tâche 'v3'
2017-04-28 07:41:00.623477 Succès, tâche 'v3', mise à l'état 1
2017-04-28 07:51:18.820381 Erreur, aucune prise ne peut effectuer la tâche 'v3'
2017-04-28 07:51:21.726519 Succès, tâche 'v3', mise à l'état 0
2017-04-28 07:56:52.045580 Succès, tâche 'v3', mise à l'état 1
2017-04-28 08:40:54.151996 Erreur sur la prise 'v2', à l'adresse : 'http://domogrid_v2.local/0'
2017-04-28 08:41:00.409108 Erreur sur la prise 'v2', à l'adresse : 'http://domogrid_v2.local/0'
2017-04-28 08:42:12.220438 Erreur sur la prise 'v2', à l'adresse : 'http://domogrid_v2.local/0'
2017-04-28 10:39:14.405828 Erreur sur la prise 'v3', à l'adresse : 'http://domogrid_v3.local/0'
2017-04-28 10:45:10.036794 Erreur sur la prise 'v3', à l'adresse : 'http://domogrid_v3.local/1'
2017-04-28 10:46:07.082450 Erreur sur la prise 'v3', à l'adresse : 'http://domogrid_v3.local/1'
2017-04-29 01:11:28.193895 Succès, tâche 'v3', mise à l'état 1
2017-04-29 01:19:16.160661 Succès, tâche 'v3', mise à l'état 2
2017-04-29 01:19:18.823479 Succès, tâche 'v3', mise à l'état 2
2017-04-29 01:19:33.057133 Succès, tâche 'v3', mise à l'état 2
2017-04-29 22:24:46.011364 Succès, tâche 'v3', mise à l'état 1
2017-04-29 22:26:36.166871 Succès, tâche 'v3', mise à l'état 0
2017-04-29 22:28:36.283844 Succès, tâche 'v3', mise à l'état 1
2017-04-29 22:29:36.267438 Succès, tâche 'v3', mise à l'état 0
2017-04-29 22:30:36.605183 Succès, tâche 'v3', mise à l'état 1
2017-04-29 22:31:36.407102 Succès, tâche 'v3', mise à l'état 0
2017-04-29 22:32:36.719937 Succès, tâche 'v3', mise à l'état 1
2017-04-29 22:33:36.424379 Succès, tâche 'v3', mise à l'état 0
